01/20/2024 04:17:32 PM INFO (Line: 284):  			JD:				X:					Y:				Z:
01/20/2024 04:17:32 PM INFO (Line: 287):  ----------------------------------------------------------------------------------------------------------------------------------
01/20/2024 04:17:32 PM DEBUG (Line: 532):  Line being parsed: 2451544.500000000, A.D. 2000-Jan-01 00:00:00.0000,  2.521092855899356E+07, -1.449279195838006E+08,  6.164165719002485E+02,
01/20/2024 04:17:32 PM INFO (Line: 543):  Output written: ['2451544.500000000', ' 2.521092855899356E+07', '-1.449279195838006E+08', ' 6.164165719002485E+02']
01/20/2024 04:17:32 PM DEBUG (Line: 299):  	Data written: DataPoint(jd=2451544.5, x=25210928.55899356, y=-144927919.5838006, z=616.4165719002485)
01/20/2024 04:17:32 PM DEBUG (Line: 532):  Line being parsed: 2451545.500000000, A.D. 2000-Jan-02 00:00:00.0000,  2.778511779921547E+07, -1.444553772423031E+08,  6.007514169216156E+02,
01/20/2024 04:17:32 PM INFO (Line: 543):  Output written: ['2451545.500000000', ' 2.778511779921547E+07', '-1.444553772423031E+08', ' 6.007514169216156E+02']
01/20/2024 04:17:32 PM DEBUG (Line: 299):  	Data written: DataPoint(jd=2451545.5, x=27785117.79921547, y=-144455377.2423031, z=600.7514169216156)
01/20/2024 04:17:32 PM DEBUG (Line: 532):  Line being parsed: 2451546.500000000, A.D. 2000-Jan-03 00:00:00.0000,  3.035080472369544E+07, -1.439377088861630E+08,  5.651932490244508E+02,
01/20/2024 04:17:32 PM INFO (Line: 543):  Output written: ['2451546.500000000', ' 3.035080472369544E+07', '-1.439377088861630E+08', ' 5.651932490244508E+02']
01/20/2024 04:17:32 PM DEBUG (Line: 299):  	Data written: DataPoint(jd=2451546.5, x=30350804.72369544, y=-143937708.886163, z=565.1932490244508)
01/20/2024 04:17:32 PM DEBUG (Line: 532):  Line being parsed: 2451547.500000000, A.D. 2000-Jan-04 00:00:00.0000,  3.290715186302563E+07, -1.433750503928736E+08,  5.114461067616940E+02,
01/20/2024 04:17:32 PM INFO (Line: 543):  Output written: ['2451547.500000000', ' 3.290715186302563E+07', '-1.433750503928736E+08', ' 5.114461067616940E+02']
01/20/2024 04:17:32 PM DEBUG (Line: 299):  	Data written: DataPoint(jd=2451547.5, x=32907151.86302563, y=-143375050.3928736, z=511.446106761694)
01/20/2024 04:17:32 PM DEBUG (Line: 532):  Line being parsed: 2451548.500000000, A.D. 2000-Jan-05 00:00:00.0000,  3.545332139161420E+07, -1.427675599888751E+08,  4.418800946474075E+02,
01/20/2024 04:17:32 PM INFO (Line: 543):  Output written: ['2451548.500000000', ' 3.545332139161420E+07', '-1.427675599888751E+08', ' 4.418800946474075E+02']
01/20/2024 04:17:32 PM DEBUG (Line: 299):  	Data written: DataPoint(jd=2451548.5, x=35453321.3916142, y=-142767559.9888751, z=441.8800946474075)
01/20/2024 04:17:32 PM DEBUG (Line: 532):  Line being parsed: 2451549.500000000, A.D. 2000-Jan-06 00:00:00.0000,  3.798847651642802E+07, -1.421154185857780E+08,  3.594679680541158E+02,
01/20/2024 04:17:32 PM INFO (Line: 543):  Output written: ['2451549.500000000', ' 3.798847651642802E+07', '-1.421154185857780E+08', ' 3.594679680541158E+02']
01/20/2024 04:17:32 PM DEBUG (Line: 299):  	Data written: DataPoint(jd=2451549.5, x=37988476.51642802, y=-142115418.585778, z=359.4679680541158)
01/20/2024 04:17:32 PM DEBUG (Line: 532):  Line being parsed: 2451550.500000000, A.D. 2000-Jan-07 00:00:00.0000,  4.051178299274084E+07, -1.414188300984941E+08,  2.677107047885656E+02,
01/20/2024 04:17:32 PM INFO (Line: 543):  Output written: ['2451550.500000000', ' 4.051178299274084E+07', '-1.414188300984941E+08', ' 2.677107047885656E+02']
01/20/2024 04:17:32 PM DEBUG (Line: 299):  	Data written: DataPoint(jd=2451550.5, x=40511782.99274084, y=-141418830.0984941, z=267.7107047885656)
01/20/2024 04:17:32 PM DEBUG (Line: 532):  Line being parsed: 2451551.500000000, A.D. 2000-Jan-08 00:00:00.0000,  4.302241080527025E+07, -1.406780216512884E+08,  1.705443150028586E+02,
01/20/2024 04:17:32 PM INFO (Line: 543):  Output written: ['2451551.500000000', ' 4.302241080527025E+07', '-1.406780216512884E+08', ' 1.705443150028586E+02']
01/20/2024 04:17:32 PM DEBUG (Line: 299):  	Data written: DataPoint(jd=2451551.5, x=43022410.80527025, y=-140678021.6512884, z=170.5443150028586)
01/20/2024 04:17:32 PM DEBUG (Line: 532):  Line being parsed: 2451552.500000000, A.D. 2000-Jan-09 00:00:00.0000,  4.551953599893294E+07, -1.398932435832056E+08,  7.222456251084805E+01,
01/20/2024 04:17:32 PM INFO (Line: 543):  Output written: ['2451552.500000000', ' 4.551953599893294E+07', '-1.398932435832056E+08', ' 7.222456251084805E+01']
01/20/2024 04:17:32 PM DEBUG (Line: 299):  	Data written: DataPoint(jd=2451552.5, x=45519535.99893294, y=-139893243.5832056, z=72.22456251084805)
01/20/2024 04:17:32 PM DEBUG (Line: 532):  Line being parsed: 2451553.500000000, A.D. 2000-Jan-10 00:00:00.0000,  4.800234260935578E+07, -1.390647691932754E+08, -2.280962074548006E+01,
01/20/2024 04:17:32 PM INFO (Line: 543):  Output written: ['2451553.500000000', ' 4.800234260935578E+07', '-1.390647691932754E+08', '-2.280962074548006E+01']
01/20/2024 04:17:32 PM DEBUG (Line: 299):  	Data written: DataPoint(jd=2451553.5, x=48002342.60935578, y=-139064769.1932754, z=-22.80962074548006)
01/20/2024 04:17:32 PM DEBUG (Line: 532):  Line being parsed: 2451554.500000000, A.D. 2000-Jan-11 00:00:00.0000,  5.047002463831335E+07, -1.381928942016050E+08, -1.100910140499473E+02,
01/20/2024 04:17:32 PM INFO (Line: 543):  Output written: ['2451554.500000000', ' 5.047002463831335E+07', '-1.381928942016050E+08', '-1.100910140499473E+02']
01/20/2024 04:17:32 PM DEBUG (Line: 299):  	Data written: DataPoint(jd=2451554.5, x=50470024.63831335, y=-138192894.201605, z=-110.0910140499473)
01/20/2024 04:17:32 PM DEBUG (Line: 532):  Line being parsed: 2451555.500000000, A.D. 2000-Jan-12 00:00:00.0000,  5.292178804147366E+07, -1.372779359236003E+08, -1.852948701381683E+02,
01/20/2024 04:17:32 PM INFO (Line: 543):  Output written: ['2451555.500000000', ' 5.292178804147366E+07', '-1.372779359236003E+08', '-1.852948701381683E+02']
01/20/2024 04:17:32 PM DEBUG (Line: 299):  	Data written: DataPoint(jd=2451555.5, x=52921788.04147366, y=-137277935.9236003, z=-185.2948701381683)
01/20/2024 04:17:32 PM DEBUG (Line: 532):  Line being parsed: 2451556.500000000, A.D. 2000-Jan-13 00:00:00.0000,  5.535685272939242E+07, -1.363202321424115E+08, -2.444263369664550E+02,
01/20/2024 04:17:32 PM INFO (Line: 543):  Output written: ['2451556.500000000', ' 5.535685272939242E+07', '-1.363202321424115E+08', '-2.444263369664550E+02']
01/20/2024 04:17:32 PM DEBUG (Line: 299):  	Data written: DataPoint(jd=2451556.5, x=55356852.72939242, y=-136320232.1424115, z=-244.426336966455)
01/20/2024 04:17:32 PM DEBUG (Line: 532):  Line being parsed: 2451557.500000000, A.D. 2000-Jan-14 00:00:00.0000,  5.777445459950306E+07, -1.353201396114765E+08, -2.840293346270919E+02,
01/20/2024 04:17:32 PM INFO (Line: 543):  Output written: ['2451557.500000000', ' 5.777445459950306E+07', '-1.353201396114765E+08', '-2.840293346270919E+02']
01/20/2024 04:17:32 PM DEBUG (Line: 299):  	Data written: DataPoint(jd=2451557.5, x=57774454.59950306, y=-135320139.6114765, z=-284.0293346270919)
01/20/2024 04:17:32 PM DEBUG (Line: 532):  Line being parsed: 2451558.500000000, A.D. 2000-Jan-15 00:00:00.0000,  6.017384758193435E+07, -1.342780320359497E+08, -3.014232597425580E+02,
01/20/2024 04:17:32 PM INFO (Line: 543):  Output written: ['2451558.500000000', ' 6.017384758193435E+07', '-1.342780320359497E+08', '-3.014232597425580E+02']
01/20/2024 04:17:32 PM DEBUG (Line: 299):  	Data written: DataPoint(jd=2451558.5, x=60173847.58193435, y=-134278032.0359497, z=-301.423259742558)
01/20/2024 04:17:32 PM DEBUG (Line: 532):  Line being parsed: 2451559.500000000, A.D. 2000-Jan-16 00:00:00.0000,  6.255430556336048E+07, -1.331942973064955E+08, -2.949686196446419E+02,
01/20/2024 04:17:32 PM INFO (Line: 543):  Output written: ['2451559.500000000', ' 6.255430556336048E+07', '-1.331942973064955E+08', '-2.949686196446419E+02']
01/20/2024 04:17:32 PM DEBUG (Line: 299):  	Data written: DataPoint(jd=2451559.5, x=62554305.56336048, y=-133194297.3064955, z=-294.9686196446419)
01/20/2024 04:17:32 PM DEBUG (Line: 532):  Line being parsed: 2451560.500000000, A.D. 2000-Jan-17 00:00:00.0000,  6.491512384113816E+07, -1.320693337621335E+08, -2.643461922109127E+02,
01/20/2024 04:17:32 PM INFO (Line: 543):  Output written: ['2451560.500000000', ' 6.491512384113816E+07', '-1.320693337621335E+08', '-2.643461922109127E+02']
01/20/2024 04:17:32 PM DEBUG (Line: 299):  	Data written: DataPoint(jd=2451560.5, x=64915123.84113816, y=-132069333.7621335, z=-264.3461922109127)
01/20/2024 04:17:32 PM DEBUG (Line: 532):  Line being parsed: 2451561.500000000, A.D. 2000-Jan-18 00:00:00.0000,  6.725561950337869E+07, -1.309035454360374E+08, -2.108053958714008E+02,
01/20/2024 04:17:32 PM INFO (Line: 543):  Output written: ['2451561.500000000', ' 6.725561950337869E+07', '-1.309035454360374E+08', '-2.108053958714008E+02']
01/20/2024 04:17:32 PM DEBUG (Line: 299):  	Data written: DataPoint(jd=2451561.5, x=67255619.50337869, y=-130903545.4360374, z=-210.8053958714008)
01/20/2024 04:17:32 PM DEBUG (Line: 532):  Line being parsed: 2451562.500000000, A.D. 2000-Jan-19 00:00:00.0000,  6.957512997654594E+07, -1.296973366578247E+08, -1.373040687888861E+02,
01/20/2024 04:17:32 PM INFO (Line: 543):  Output written: ['2451562.500000000', ' 6.957512997654594E+07', '-1.296973366578247E+08', '-1.373040687888861E+02']
01/20/2024 04:17:32 PM DEBUG (Line: 299):  	Data written: DataPoint(jd=2451562.5, x=69575129.97654594, y=-129697336.6578247, z=-137.3040687888861)
01/20/2024 04:17:32 PM DEBUG (Line: 532):  Line being parsed: 2451563.500000000, A.D. 2000-Jan-20 00:00:00.0000,  7.187300916189924E+07, -1.284511069773022E+08, -4.844527677446604E+01,
01/20/2024 04:17:32 PM INFO (Line: 543):  Output written: ['2451563.500000000', ' 7.187300916189924E+07', '-1.284511069773022E+08', '-4.844527677446604E+01']
01/20/2024 04:17:32 PM DEBUG (Line: 299):  	Data written: DataPoint(jd=2451563.5, x=71873009.16189924, y=-128451106.9773022, z=-48.44527677446604)
01/20/2024 04:17:32 PM DEBUG (Line: 532):  Line being parsed: 2451564.500000000, A.D. 2000-Jan-21 00:00:00.0000,  7.414862125623472E+07, -1.271652478281935E+08,  4.985455789417028E+01,
01/20/2024 04:17:32 PM INFO (Line: 543):  Output written: ['2451564.500000000', ' 7.414862125623472E+07', '-1.271652478281935E+08', ' 4.985455789417028E+01']
01/20/2024 04:17:32 PM DEBUG (Line: 299):  	Data written: DataPoint(jd=2451564.5, x=74148621.25623472, y=-127165247.8281935, z=49.85455789417028)
01/20/2024 04:17:32 PM DEBUG (Line: 532):  Line being parsed: 2451565.500000000, A.D. 2000-Jan-22 00:00:00.0000,  7.640133334894334E+07, -1.258401422195328E+08,  1.509482487738132E+02,
01/20/2024 04:17:32 PM INFO (Line: 543):  Output written: ['2451565.500000000', ' 7.640133334894334E+07', '-1.258401422195328E+08', ' 1.509482487738132E+02']
01/20/2024 04:17:32 PM DEBUG (Line: 299):  	Data written: DataPoint(jd=2451565.5, x=76401333.34894334, y=-125840142.2195328, z=150.9482487738132)
01/20/2024 04:17:32 PM DEBUG (Line: 532):  Line being parsed: 2451566.500000000, A.D. 2000-Jan-23 00:00:00.0000,  7.863050862530588E+07, -1.244761678390860E+08,  2.481696906685829E+02,
01/20/2024 04:17:32 PM INFO (Line: 543):  Output written: ['2451566.500000000', ' 7.863050862530588E+07', '-1.244761678390860E+08', ' 2.481696906685829E+02']
01/20/2024 04:17:32 PM DEBUG (Line: 299):  	Data written: DataPoint(jd=2451566.5, x=78630508.62530588, y=-124476167.839086, z=248.1696906685829)
01/20/2024 04:17:32 PM DEBUG (Line: 532):  Line being parsed: 2451567.500000000, A.D. 2000-Jan-24 00:00:00.0000,  8.083550189742255E+07, -1.230737026952164E+08,  3.354970156922936E+02,
01/20/2024 04:17:32 PM INFO (Line: 543):  Output written: ['2451567.500000000', ' 8.083550189742255E+07', '-1.230737026952164E+08', ' 3.354970156922936E+02']
01/20/2024 04:17:32 PM DEBUG (Line: 299):  	Data written: DataPoint(jd=2451567.5, x=80835501.89742255, y=-123073702.6952164, z=335.4970156922936)
01/20/2024 04:17:32 PM DEBUG (Line: 532):  Line being parsed: 2451568.500000000, A.D. 2000-Jan-25 00:00:00.0000,  8.301565822812301E+07, -1.216331315991685E+08,  4.080203853920102E+02,
01/20/2024 04:17:32 PM INFO (Line: 543):  Output written: ['2451568.500000000', ' 8.301565822812301E+07', '-1.216331315991685E+08', ' 4.080203853920102E+02']
01/20/2024 04:17:32 PM DEBUG (Line: 299):  	Data written: DataPoint(jd=2451568.5, x=83015658.22812301, y=-121633131.5991685, z=408.0203853920102)
01/20/2024 04:17:32 PM DEBUG (Line: 532):  Line being parsed: 2451569.500000000, A.D. 2000-Jan-26 00:00:00.0000,  8.517031424971160E+07, -1.201548518558844E+08,  4.621609244942665E+02,
01/20/2024 04:17:32 PM INFO (Line: 543):  Output written: ['2451569.500000000', ' 8.517031424971160E+07', '-1.201548518558844E+08', ' 4.621609244942665E+02']
01/20/2024 04:17:32 PM DEBUG (Line: 299):  	Data written: DataPoint(jd=2451569.5, x=85170314.2497116, y=-120154851.8558844, z=462.1609244942665)
01/20/2024 04:17:32 PM DEBUG (Line: 532):  Line being parsed: 2451570.500000000, A.D. 2000-Jan-27 00:00:00.0000,  8.729880108590361E+07, -1.186392772573710E+08,  4.956782308667898E+02,
01/20/2024 04:17:32 PM INFO (Line: 543):  Output written: ['2451570.500000000', ' 8.729880108590361E+07', '-1.186392772573710E+08', ' 4.956782308667898E+02']
01/20/2024 04:17:32 PM DEBUG (Line: 299):  	Data written: DataPoint(jd=2451570.5, x=87298801.08590361, y=-118639277.257371, z=495.6782308667898)
01/20/2024 04:17:32 PM DEBUG (Line: 532):  Line being parsed: 2451571.500000000, A.D. 2000-Jan-28 00:00:00.0000,  8.940044774755740E+07, -1.170868402859701E+08,  5.075487502291799E+02,
01/20/2024 04:17:32 PM INFO (Line: 543):  Output written: ['2451571.500000000', ' 8.940044774755740E+07', '-1.170868402859701E+08', ' 5.075487502291799E+02']
01/20/2024 04:17:32 PM DEBUG (Line: 299):  	Data written: DataPoint(jd=2451571.5, x=89400447.7475574, y=-117086840.2859701, z=507.5487502291799)
01/20/2024 04:17:32 PM DEBUG (Line: 532):  Line being parsed: 2451572.500000000, A.D. 2000-Jan-29 00:00:00.0000,  9.147458423757625E+07, -1.154979929420204E+08,  4.977953193783760E+02,
01/20/2024 04:17:32 PM INFO (Line: 543):  Output written: ['2451572.500000000', ' 9.147458423757625E+07', '-1.154979929420204E+08', ' 4.977953193783760E+02']
01/20/2024 04:17:32 PM DEBUG (Line: 299):  	Data written: DataPoint(jd=2451572.5, x=91474584.23757625, y=-115497992.9420204, z=497.795319378376)
01/20/2024 04:17:32 PM DEBUG (Line: 532):  Line being parsed: 2451573.500000000, A.D. 2000-Jan-30 00:00:00.0000,  9.352054403466886E+07, -1.138732067575674E+08,  4.673222769275308E+02,
01/20/2024 04:17:32 PM INFO (Line: 543):  Output written: ['2451573.500000000', ' 9.352054403466886E+07', '-1.138732067575674E+08', ' 4.673222769275308E+02']
01/20/2024 04:17:32 PM DEBUG (Line: 299):  	Data written: DataPoint(jd=2451573.5, x=93520544.03466886, y=-113873206.7575674, z=467.3222769275308)
01/20/2024 04:17:32 PM DEBUG (Line: 532):  Line being parsed: 2451574.500000000, A.D. 2000-Jan-31 00:00:00.0000,  9.553766594446181E+07, -1.122129724793910E+08,  4.177819193303585E+02,
01/20/2024 04:17:32 PM INFO (Line: 543):  Output written: ['2451574.500000000', ' 9.553766594446181E+07', '-1.122129724793910E+08', ' 4.177819193303585E+02']
01/20/2024 04:17:32 PM DEBUG (Line: 299):  	Data written: DataPoint(jd=2451574.5, x=95537665.94446181, y=-112212972.479391, z=417.7819193303585)
01/20/2024 04:17:32 PM DEBUG (Line: 337):  Writing header to output.bin
01/20/2024 04:17:32 PM DEBUG (Line: 342):  	Data written: 2451544.5
01/20/2024 04:17:32 PM DEBUG (Line: 342):  	Data written: 1.0
01/20/2024 04:17:32 PM INFO (Line: 282):  ----------------------------------------------------------------------------------------------------------------------------------
01/20/2024 04:17:32 PM INFO (Line: 284):  			JD:				X:					Y:				Z:
01/20/2024 04:17:32 PM INFO (Line: 287):  ----------------------------------------------------------------------------------------------------------------------------------
